  Application.cpp
  BaseLight.cpp
  CastLight.cpp
E:\VSProjects\LearnOpengl_CN\src\light\base_light\BaseLight.cpp(220,29): warning C4244: “=”: 从“double”转换到“float”，可能丢失数据
  Color.cpp
E:\VSProjects\LearnOpengl_CN\src\light\cast_light\CastLight.cpp(221,29): warning C4244: “=”: 从“double”转换到“float”，可能丢失数据
  LightTexture.cpp
E:\VSProjects\LearnOpengl_CN\src\light\color\Color.cpp(213,29): warning C4244: “=”: 从“double”转换到“float”，可能丢失数据
  Material.cpp
E:\VSProjects\LearnOpengl_CN\src\light\light_texture\LightTexture.cpp(209,29): warning C4244: “=”: 从“double”转换到“float”，可能丢失数据
E:\VSProjects\LearnOpengl_CN\src\light\material\Material.cpp(209,29): warning C4244: “=”: 从“double”转换到“float”，可能丢失数据
E:\VSProjects\LearnOpengl_CN\src\light\material\Material.cpp(283,22): warning C4244: “=”: 从“double”转换到“T”，可能丢失数据
E:\VSProjects\LearnOpengl_CN\src\light\material\Material.cpp(283,22): warning C4244:         with
E:\VSProjects\LearnOpengl_CN\src\light\material\Material.cpp(283,22): warning C4244:         [
E:\VSProjects\LearnOpengl_CN\src\light\material\Material.cpp(283,22): warning C4244:             T=float
E:\VSProjects\LearnOpengl_CN\src\light\material\Material.cpp(283,22): warning C4244:         ]
E:\VSProjects\LearnOpengl_CN\src\light\material\Material.cpp(284,22): warning C4244: “=”: 从“double”转换到“T”，可能丢失数据
E:\VSProjects\LearnOpengl_CN\src\light\material\Material.cpp(284,22): warning C4244:         with
E:\VSProjects\LearnOpengl_CN\src\light\material\Material.cpp(284,22): warning C4244:         [
E:\VSProjects\LearnOpengl_CN\src\light\material\Material.cpp(284,22): warning C4244:             T=float
E:\VSProjects\LearnOpengl_CN\src\light\material\Material.cpp(284,22): warning C4244:         ]
  CameraLession.cpp
E:\VSProjects\LearnOpengl_CN\src\light\material\Material.cpp(285,22): warning C4244: “=”: 从“double”转换到“T”，可能丢失数据
E:\VSProjects\LearnOpengl_CN\src\light\material\Material.cpp(285,22): warning C4244:         with
E:\VSProjects\LearnOpengl_CN\src\light\material\Material.cpp(285,22): warning C4244:         [
E:\VSProjects\LearnOpengl_CN\src\light\material\Material.cpp(285,22): warning C4244:             T=float
E:\VSProjects\LearnOpengl_CN\src\light\material\Material.cpp(285,22): warning C4244:         ]
E:\VSProjects\LearnOpengl_CN\src\primer\camera\CameraLession.cpp(212,29): warning C4244: “=”: 从“double”转换到“float”，可能丢失数据
E:\VSProjects\LearnOpengl_CN\src\primer\camera\CameraLession.cpp(235,14): warning C4244: “初始化”: 从“double”转换到“float”，可能丢失数据
  Camera.cpp
E:\VSProjects\LearnOpengl_CN\src\primer\camera\CameraLession.cpp(236,14): warning C4244: “初始化”: 从“double”转换到“float”，可能丢失数据
E:\VSProjects\LearnOpengl_CN\src\tools\Camera.cpp(27,11): warning C4244: “=”: 从“double”转换到“float”，可能丢失数据
E:\VSProjects\LearnOpengl_CN\src\tools\Camera.cpp(28,11): warning C4244: “=”: 从“double”转换到“float”，可能丢失数据
E:\VSProjects\LearnOpengl_CN\src\tools\Camera.cpp(32,16): warning C4244: “初始化”: 从“double”转换到“float”，可能丢失数据
E:\VSProjects\LearnOpengl_CN\src\tools\Camera.cpp(33,16): warning C4244: “初始化”: 从“double”转换到“float”，可能丢失数据
E:\VSProjects\LearnOpengl_CN\src\tools\Camera.cpp(34,10): warning C4244: “=”: 从“double”转换到“float”，可能丢失数据
E:\VSProjects\LearnOpengl_CN\src\tools\Camera.cpp(35,10): warning C4244: “=”: 从“double”转换到“float”，可能丢失数据
  正在生成代码...
E:\VSProjects\LearnOpengl_CN\src\tools\Camera.cpp(37,26): warning C4305: “初始化”: 从“double”到“float”截断
LINK : warning LNK4098: 默认库“MSVCRT”与其他库的使用冲突；请使用 /NODEFAULTLIB:library
  LearnOpengl_CN.vcxproj -> E:\VSProjects\LearnOpengl_CN\Debug\LearnOpengl_CN.exe
