e:\vsprojects\learnopengl_cn\release\vc142.pdb
e:\vsprojects\learnopengl_cn\release\camera.obj
e:\vsprojects\learnopengl_cn\release\transform.obj
e:\vsprojects\learnopengl_cn\release\texture.obj
e:\vsprojects\learnopengl_cn\release\hellotriangle.obj
e:\vsprojects\learnopengl_cn\release\glsl.obj
e:\vsprojects\learnopengl_cn\release\cooridinate.obj
e:\vsprojects\learnopengl_cn\release\cameralession.obj
e:\vsprojects\learnopengl_cn\release\multiplelights.obj
e:\vsprojects\learnopengl_cn\release\material.obj
e:\vsprojects\learnopengl_cn\release\lighttexture.obj
e:\vsprojects\learnopengl_cn\release\color.obj
e:\vsprojects\learnopengl_cn\release\castlight.obj
e:\vsprojects\learnopengl_cn\release\baselight.obj
e:\vsprojects\learnopengl_cn\release\application.obj
e:\vsprojects\learnopengl_cn\release\framebuffer.obj
e:\vsprojects\learnopengl_cn\release\cubemap.obj
e:\vsprojects\learnopengl_cn\release\shadowmapping.obj
e:\vsprojects\learnopengl_cn\release\save.obj
e:\vsprojects\learnopengl_cn\release\pointshadow.obj
e:\vsprojects\learnopengl_cn\release\normalmapping.obj
e:\vsprojects\learnopengl_cn\release\stb_mage.obj
e:\vsprojects\learnopengl_cn\release\shader.obj
e:\vsprojects\learnopengl_cn\release\common_tools.obj
e:\vsprojects\learnopengl_cn\release\glad.obj
e:\vsprojects\learnopengl_cn\release\parallaxmapping.obj
e:\vsprojects\learnopengl_cn\release\hdr.obj
e:\vsprojects\learnopengl_cn\release\learnopengl_cn.ipdb
e:\vsprojects\learnopengl_cn\release\learnopengl_cn.iobj
e:\vsprojects\learnopengl_cn\release\learnopengl_cn.exe
e:\vsprojects\learnopengl_cn\release\learnopengl_cn.pdb
e:\vsprojects\learnopengl_cn\release\learnopengl_cn.tlog\cl.command.1.tlog
e:\vsprojects\learnopengl_cn\release\learnopengl_cn.tlog\cl.read.1.tlog
e:\vsprojects\learnopengl_cn\release\learnopengl_cn.tlog\cl.write.1.tlog
e:\vsprojects\learnopengl_cn\release\learnopengl_cn.tlog\learnopengl_cn.write.1u.tlog
e:\vsprojects\learnopengl_cn\release\learnopengl_cn.tlog\link.command.1.tlog
e:\vsprojects\learnopengl_cn\release\learnopengl_cn.tlog\link.delete.1.tlog
e:\vsprojects\learnopengl_cn\release\learnopengl_cn.tlog\link.read.1.tlog
e:\vsprojects\learnopengl_cn\release\learnopengl_cn.tlog\link.write.1.tlog
